2019-11-10 23:05:25,773 [Worker-1: Loading available Gradle versions] INFO  o.e.b.c.i.u.g.PublishedGradleVersions - Gradle version information cache is up-to-date. Trying to read.
2019-11-10 23:10:48,193 [Worker-5: Updating Maven Dependencies] INFO  o.e.m.c.i.l.LifecycleMappingFactory - Using org.maven.ide.eclipse.wtp.WarLifecycleMapping lifecycle mapping for MavenProject: kr.ac.dongduk.dbp:UserMan2:0.0.1-SNAPSHOT @ C:\Users\choiyewon\Desktop\file\1.Lecture\데이터베이스프로그래밍\y\팀플\project\UserMan2\pom.xml.
2019-11-10 23:10:48,929 [Worker-4: Building workspace] INFO  o.e.m.c.i.l.LifecycleMappingFactory - Using org.maven.ide.eclipse.wtp.WarLifecycleMapping lifecycle mapping for MavenProject: kr.ac.dongduk.dbp:UserMan2:0.0.1-SNAPSHOT @ C:\Users\choiyewon\Desktop\file\1.Lecture\데이터베이스프로그래밍\y\팀플\project\UserMan2\pom.xml.
2019-11-10 23:11:16,775 [Worker-4: Building workspace] WARN  o.e.m.c.i.embedder.EclipseLogger - Using platform encoding (MS949 actually) to copy filtered resources, i.e. build is platform dependent!
2019-11-10 23:11:16,779 [Worker-4: Building workspace] INFO  o.e.m.c.i.embedder.EclipseLogger - skip non existing resourceDirectory C:\Users\choiyewon\Desktop\file\1.Lecture\데이터베이스프로그래밍\y\팀플\project\UserMan2\src\main\resources
2019-11-10 23:11:16,807 [Worker-4: Building workspace] WARN  o.e.m.c.i.embedder.EclipseLogger - Using platform encoding (MS949 actually) to copy filtered resources, i.e. build is platform dependent!
2019-11-10 23:11:16,809 [Worker-4: Building workspace] INFO  o.e.m.c.i.embedder.EclipseLogger - skip non existing resourceDirectory C:\Users\choiyewon\Desktop\file\1.Lecture\데이터베이스프로그래밍\y\팀플\project\UserMan2\src\test\resources
2019-11-10 23:11:47,665 [Worker-18: Updating Maven Dependencies] INFO  o.e.m.c.i.l.LifecycleMappingFactory - Using org.maven.ide.eclipse.wtp.WarLifecycleMapping lifecycle mapping for MavenProject: kr.ac.dongduk.dbp:UserMan2:0.0.1-SNAPSHOT @ C:\Users\choiyewon\Desktop\file\1.Lecture\데이터베이스프로그래밍\y\팀플\project\UserMan2\pom.xml.
2019-11-10 23:11:49,909 [Worker-20: Building workspace] WARN  o.e.m.c.i.embedder.EclipseLogger - Using platform encoding (MS949 actually) to copy filtered resources, i.e. build is platform dependent!
2019-11-10 23:11:49,915 [Worker-20: Building workspace] INFO  o.e.m.c.i.embedder.EclipseLogger - skip non existing resourceDirectory C:\Users\choiyewon\Desktop\file\1.Lecture\데이터베이스프로그래밍\y\팀플\project\UserMan2\src\main\resources
2019-11-10 23:11:49,922 [Worker-20: Building workspace] WARN  o.e.m.c.i.embedder.EclipseLogger - Using platform encoding (MS949 actually) to copy filtered resources, i.e. build is platform dependent!
2019-11-10 23:11:49,924 [Worker-20: Building workspace] INFO  o.e.m.c.i.embedder.EclipseLogger - skip non existing resourceDirectory C:\Users\choiyewon\Desktop\file\1.Lecture\데이터베이스프로그래밍\y\팀플\project\UserMan2\src\test\resources
2019-11-10 23:11:56,040 [Worker-18: Building workspace] WARN  o.e.m.c.i.embedder.EclipseLogger - Using platform encoding (MS949 actually) to copy filtered resources, i.e. build is platform dependent!
2019-11-10 23:11:56,042 [Worker-18: Building workspace] INFO  o.e.m.c.i.embedder.EclipseLogger - skip non existing resourceDirectory C:\Users\choiyewon\Desktop\file\1.Lecture\데이터베이스프로그래밍\y\팀플\project\UserMan2\src\main\resources
2019-11-10 23:11:56,046 [Worker-18: Building workspace] WARN  o.e.m.c.i.embedder.EclipseLogger - Using platform encoding (MS949 actually) to copy filtered resources, i.e. build is platform dependent!
2019-11-10 23:11:56,049 [Worker-18: Building workspace] INFO  o.e.m.c.i.embedder.EclipseLogger - skip non existing resourceDirectory C:\Users\choiyewon\Desktop\file\1.Lecture\데이터베이스프로그래밍\y\팀플\project\UserMan2\src\test\resources
2019-11-10 23:14:19,207 [Worker-4: Building workspace] WARN  o.e.m.c.i.embedder.EclipseLogger - Using platform encoding (MS949 actually) to copy filtered resources, i.e. build is platform dependent!
2019-11-10 23:14:19,209 [Worker-4: Building workspace] INFO  o.e.m.c.i.embedder.EclipseLogger - skip non existing resourceDirectory C:\Users\choiyewon\Desktop\file\1.Lecture\데이터베이스프로그래밍\y\팀플\project\UserMan2\src\main\resources
2019-11-10 23:14:19,212 [Worker-4: Building workspace] WARN  o.e.m.c.i.embedder.EclipseLogger - Using platform encoding (MS949 actually) to copy filtered resources, i.e. build is platform dependent!
2019-11-10 23:14:19,215 [Worker-4: Building workspace] INFO  o.e.m.c.i.embedder.EclipseLogger - skip non existing resourceDirectory C:\Users\choiyewon\Desktop\file\1.Lecture\데이터베이스프로그래밍\y\팀플\project\UserMan2\src\test\resources
2019-11-10 23:15:26,948 [Worker-18: Building workspace] INFO  o.e.m.c.i.l.LifecycleMappingFactory - Using org.maven.ide.eclipse.wtp.WarLifecycleMapping lifecycle mapping for MavenProject: kr.ac.dongduk.dbp:UserMan2:0.0.1-SNAPSHOT @ C:\Users\choiyewon\Desktop\file\1.Lecture\데이터베이스프로그래밍\y\팀플\project\dbp0107\pom.xml.
2019-11-10 23:15:30,143 [Worker-18: Building workspace] WARN  o.e.m.c.i.embedder.EclipseLogger - Using platform encoding (MS949 actually) to copy filtered resources, i.e. build is platform dependent!
2019-11-10 23:15:30,145 [Worker-18: Building workspace] INFO  o.e.m.c.i.embedder.EclipseLogger - skip non existing resourceDirectory C:\Users\choiyewon\Desktop\file\1.Lecture\데이터베이스프로그래밍\y\팀플\project\dbp0107\src\main\resources
2019-11-10 23:15:30,149 [Worker-18: Building workspace] WARN  o.e.m.c.i.embedder.EclipseLogger - Using platform encoding (MS949 actually) to copy filtered resources, i.e. build is platform dependent!
2019-11-10 23:15:30,151 [Worker-18: Building workspace] INFO  o.e.m.c.i.embedder.EclipseLogger - skip non existing resourceDirectory C:\Users\choiyewon\Desktop\file\1.Lecture\데이터베이스프로그래밍\y\팀플\project\dbp0107\src\test\resources
2019-11-10 23:15:34,001 [Worker-27: Building workspace] WARN  o.e.m.c.i.embedder.EclipseLogger - Using platform encoding (MS949 actually) to copy filtered resources, i.e. build is platform dependent!
2019-11-10 23:15:34,003 [Worker-27: Building workspace] INFO  o.e.m.c.i.embedder.EclipseLogger - skip non existing resourceDirectory C:\Users\choiyewon\Desktop\file\1.Lecture\데이터베이스프로그래밍\y\팀플\project\dbp0107\src\main\resources
2019-11-10 23:15:34,005 [Worker-27: Building workspace] WARN  o.e.m.c.i.embedder.EclipseLogger - Using platform encoding (MS949 actually) to copy filtered resources, i.e. build is platform dependent!
2019-11-10 23:15:34,008 [Worker-27: Building workspace] INFO  o.e.m.c.i.embedder.EclipseLogger - skip non existing resourceDirectory C:\Users\choiyewon\Desktop\file\1.Lecture\데이터베이스프로그래밍\y\팀플\project\dbp0107\src\test\resources
2019-11-10 23:22:13,051 [Worker-33: Building workspace] WARN  o.e.m.c.i.embedder.EclipseLogger - Using platform encoding (MS949 actually) to copy filtered resources, i.e. build is platform dependent!
2019-11-10 23:22:13,055 [Worker-33: Building workspace] INFO  o.e.m.c.i.embedder.EclipseLogger - skip non existing resourceDirectory C:\Users\choiyewon\Desktop\file\1.Lecture\데이터베이스프로그래밍\y\팀플\project\dbp0107\src\main\resources
2019-11-10 23:22:13,060 [Worker-33: Building workspace] WARN  o.e.m.c.i.embedder.EclipseLogger - Using platform encoding (MS949 actually) to copy filtered resources, i.e. build is platform dependent!
2019-11-10 23:22:13,064 [Worker-33: Building workspace] INFO  o.e.m.c.i.embedder.EclipseLogger - skip non existing resourceDirectory C:\Users\choiyewon\Desktop\file\1.Lecture\데이터베이스프로그래밍\y\팀플\project\dbp0107\src\test\resources
2019-11-10 23:41:24,159 [Worker-2: Loading available Gradle versions] INFO  o.e.b.c.i.u.g.PublishedGradleVersions - Gradle version information cache is up-to-date. Trying to read.
2019-11-10 23:41:40,066 [Worker-3: Building workspace] WARN  o.e.m.c.i.embedder.EclipseLogger - Using platform encoding (MS949 actually) to copy filtered resources, i.e. build is platform dependent!
2019-11-10 23:41:40,071 [Worker-3: Building workspace] INFO  o.e.m.c.i.embedder.EclipseLogger - skip non existing resourceDirectory C:\Users\choiyewon\Desktop\file\1.Lecture\데이터베이스프로그래밍\y\팀플\project\dbp0107\src\main\resources
2019-11-10 23:41:40,078 [Worker-3: Building workspace] WARN  o.e.m.c.i.embedder.EclipseLogger - Using platform encoding (MS949 actually) to copy filtered resources, i.e. build is platform dependent!
2019-11-10 23:41:40,080 [Worker-3: Building workspace] INFO  o.e.m.c.i.embedder.EclipseLogger - skip non existing resourceDirectory C:\Users\choiyewon\Desktop\file\1.Lecture\데이터베이스프로그래밍\y\팀플\project\dbp0107\src\test\resources
2019-11-10 23:42:12,598 [Worker-8: Building workspace] WARN  o.e.m.c.i.embedder.EclipseLogger - Using platform encoding (MS949 actually) to copy filtered resources, i.e. build is platform dependent!
2019-11-10 23:42:12,602 [Worker-8: Building workspace] INFO  o.e.m.c.i.embedder.EclipseLogger - skip non existing resourceDirectory C:\Users\choiyewon\Desktop\file\1.Lecture\데이터베이스프로그래밍\y\팀플\project\dbp0107\src\main\resources
2019-11-10 23:42:12,608 [Worker-8: Building workspace] WARN  o.e.m.c.i.embedder.EclipseLogger - Using platform encoding (MS949 actually) to copy filtered resources, i.e. build is platform dependent!
2019-11-10 23:42:12,611 [Worker-8: Building workspace] INFO  o.e.m.c.i.embedder.EclipseLogger - skip non existing resourceDirectory C:\Users\choiyewon\Desktop\file\1.Lecture\데이터베이스프로그래밍\y\팀플\project\dbp0107\src\test\resources
2019-11-11 03:09:50,722 [Worker-32: Building workspace] WARN  o.e.m.c.i.embedder.EclipseLogger - Using platform encoding (MS949 actually) to copy filtered resources, i.e. build is platform dependent!
2019-11-11 03:09:50,737 [Worker-32: Building workspace] INFO  o.e.m.c.i.embedder.EclipseLogger - skip non existing resourceDirectory C:\Users\choiyewon\Desktop\file\1.Lecture\데이터베이스프로그래밍\y\팀플\project\dbp0107\src\main\resources
2019-11-11 03:09:50,743 [Worker-32: Building workspace] WARN  o.e.m.c.i.embedder.EclipseLogger - Using platform encoding (MS949 actually) to copy filtered resources, i.e. build is platform dependent!
2019-11-11 03:09:50,744 [Worker-32: Building workspace] INFO  o.e.m.c.i.embedder.EclipseLogger - skip non existing resourceDirectory C:\Users\choiyewon\Desktop\file\1.Lecture\데이터베이스프로그래밍\y\팀플\project\dbp0107\src\test\resources
2019-11-11 03:24:38,239 [Worker-2: Loading available Gradle versions] INFO  o.e.b.c.i.u.g.PublishedGradleVersions - Gradle version information cache is up-to-date. Trying to read.
2019-11-11 03:24:58,356 [Worker-10: Building workspace] WARN  o.e.m.c.i.embedder.EclipseLogger - Using platform encoding (MS949 actually) to copy filtered resources, i.e. build is platform dependent!
2019-11-11 03:24:58,365 [Worker-10: Building workspace] INFO  o.e.m.c.i.embedder.EclipseLogger - skip non existing resourceDirectory C:\Users\choiyewon\Desktop\file\1.Lecture\데이터베이스프로그래밍\y\팀플\project\dbp0107\src\main\resources
2019-11-11 03:24:58,372 [Worker-10: Building workspace] WARN  o.e.m.c.i.embedder.EclipseLogger - Using platform encoding (MS949 actually) to copy filtered resources, i.e. build is platform dependent!
2019-11-11 03:24:58,374 [Worker-10: Building workspace] INFO  o.e.m.c.i.embedder.EclipseLogger - skip non existing resourceDirectory C:\Users\choiyewon\Desktop\file\1.Lecture\데이터베이스프로그래밍\y\팀플\project\dbp0107\src\test\resources
